<?xml version="1.0" encoding="UTF-8"?>
<testsuite xmlns:xsi="http://www.w3.org/2001/XMLSchema-instance" xsi:noNamespaceSchemaLocation="https://maven.apache.org/surefire/maven-surefire-plugin/xsd/surefire-test-report.xsd" name="geocoding.AddressResolverServiceTest" time="0.045" tests="1" errors="1" skipped="0" failures="0">
  <properties>
[...]
</properties>
  <testcase name="findAddress" classname="geocoding.AddressResolverServiceTest" time="0.036">
    <error type="java.lang.ExceptionInInitializerError">java.lang.ExceptionInInitializerError
	at geocoding.AddressResolverServiceTest.setUp(AddressResolverServiceTest.java:21)
Caused by: java.lang.reflect.InaccessibleObjectException: Unable to make protected final java.lang.Class java.lang.ClassLoader.defineClass(java.lang.String,byte[],int,int,java.security.ProtectionDomain) throws java.lang.ClassFormatError accessible: module java.base does not "opens java.lang" to unnamed module @62e136d3
	at geocoding.AddressResolverServiceTest.setUp(AddressResolverServiceTest.java:21)
</error>
  </testcase>
</testsuite>