<?xml version="1.0" encoding="UTF-8"?>
<testsuite xmlns:xsi="http://www.w3.org/2001/XMLSchema-instance" xsi:noNamespaceSchemaLocation="https://maven.apache.org/surefire/maven-surefire-plugin/xsd/surefire-test-report-3.0.xsd" version="3.0" name="tqs.euromillions.DipTest" time="0.069" tests="3" errors="0" skipped="0" failures="0">
  <properties>
[...]
</properties>
  <testcase name="testConstructorFromBadArrays" classname="tqs.euromillions.DipTest" time="0.039"/>
  <testcase name="testFormat" classname="tqs.euromillions.DipTest" time="0.004"/>
  <testcase name="testConstructorFromBadRanges" classname="tqs.euromillions.DipTest" time="0.002"/>
</testsuite>